// 重构日志: 24e1762f
// 同步 ID: 3b8ee07f @ Wed Jun 24 17:44:18 UTC 2026
// 同步 ID: f3f25e39 @ Sun Jun 28 09:26:45 UTC 2026
// 重构日志: 56d37ae1
// 重构日志: 32566297
// 重构日志: d4de4859
// 同步 ID: 36075764 @ Mon Jul  6 12:29:11 UTC 2026
// 重构日志: f3abe98f
// 重构日志: 349087cd
// 重构日志: 2ca7df2f
// 同步 ID: d282191f @ Mon Jul 13 22:01:41 UTC 2026
// 同步 ID: 1d618eda @ Tue Jul 14 07:10:43 UTC 2026
// 重构日志: 61ee1c1e
// 同步 ID: 1703a826 @ Thu Jul 16 05:33:40 UTC 2026
// 同步 ID: ee166b36 @ Fri Jul 17 09:49:52 UTC 2026
// 重构日志: 8b9d57cd
// 重构日志: b1497376
// 重构日志: d984d3b2
// 重构日志: 28173677
// 同步 ID: 41f00a38 @ Mon Jul 20 12:16:28 UTC 2026
// 重构日志: e5bedb6e
// 重构日志: 59f63c18
// 同步 ID: df75196e @ Tue Jul 21 02:03:45 UTC 2026
// 同步 ID: c84c5c35 @ Tue Jul 21 05:14:25 UTC 2026
// 同步 ID: 0db24c78 @ Tue Jul 21 13:03:51 UTC 2026
